2024-05-10T19:26:47.901433+00:00 WARNING 'ansible_navigator.run' Dirty exit, killing the pid
2024-05-10T19:32:18.616695+00:00 INFO 'ansible_navigator.setup_logger' New ansible-navigator instance, logging initialized
2024-05-10T19:32:18.616854+00:00 INFO 'ansible_navigator.setup_logger' New ansible-runner instance, logging initialized
2024-05-10T19:32:18.616875+00:00 DEBUG 'ansible_navigator.main' Django==4.2.11 
2024-05-10T19:32:18.616888+00:00 DEBUG 'ansible_navigator.main' Jinja2==3.1.2 
2024-05-10T19:32:18.616899+00:00 DEBUG 'ansible_navigator.main' MarkupSafe==2.1.0 
2024-05-10T19:32:18.616909+00:00 DEBUG 'ansible_navigator.main' Parsley==1.3 
2024-05-10T19:32:18.616920+00:00 DEBUG 'ansible_navigator.main' PyJWT==2.8.0 
2024-05-10T19:32:18.616929+00:00 DEBUG 'ansible_navigator.main' PyNaCl==1.5.0 
2024-05-10T19:32:18.616939+00:00 DEBUG 'ansible_navigator.main' PyYAML==5.4.1 
2024-05-10T19:32:18.616948+00:00 DEBUG 'ansible_navigator.main' Pygments==2.17.2 
2024-05-10T19:32:18.616958+00:00 DEBUG 'ansible_navigator.main' aiohttp-retry==2.8.3 
2024-05-10T19:32:18.616968+00:00 DEBUG 'ansible_navigator.main' aiohttp==3.9.3 /usr/local/lib64/python3.9/site-packages/aiohttp/__init__.py
2024-05-10T19:32:18.616978+00:00 DEBUG 'ansible_navigator.main' aiosignal==1.3.1 /usr/local/lib/python3.9/site-packages/aiosignal/__init__.py
2024-05-10T19:32:18.616991+00:00 DEBUG 'ansible_navigator.main' ansible-builder==3.0.0 
2024-05-10T19:32:18.617001+00:00 DEBUG 'ansible_navigator.main' ansible-compat==4.1.11 
2024-05-10T19:32:18.617010+00:00 DEBUG 'ansible_navigator.main' ansible-core==2.15.11 
2024-05-10T19:32:18.617023+00:00 DEBUG 'ansible_navigator.main' ansible-lint==6.22.2 
2024-05-10T19:32:18.617033+00:00 DEBUG 'ansible_navigator.main' ansible-navigator==24.2.0 
2024-05-10T19:32:18.617045+00:00 DEBUG 'ansible_navigator.main' ansible-runner==2.3.5 
2024-05-10T19:32:18.617054+00:00 DEBUG 'ansible_navigator.main' ansible==8.7.0 /root/.local/lib/python3.9/site-packages/ansible/__init__.py
2024-05-10T19:32:18.617064+00:00 DEBUG 'ansible_navigator.main' ara==1.7.1 None
2024-05-10T19:32:18.617074+00:00 DEBUG 'ansible_navigator.main' asgiref==3.8.1 /root/.local/lib/python3.9/site-packages/asgiref/__init__.py
2024-05-10T19:32:18.617086+00:00 DEBUG 'ansible_navigator.main' async-timeout==4.0.3 
2024-05-10T19:32:18.617096+00:00 DEBUG 'ansible_navigator.main' attrs==23.2.0 /usr/local/lib/python3.9/site-packages/attrs/__init__.py
2024-05-10T19:32:18.617105+00:00 DEBUG 'ansible_navigator.main' autopage==0.5.2 /root/.local/lib/python3.9/site-packages/autopage/__init__.py
2024-05-10T19:32:18.617117+00:00 DEBUG 'ansible_navigator.main' bcrypt==4.1.2 /usr/local/lib64/python3.9/site-packages/bcrypt/__init__.py
2024-05-10T19:32:18.617127+00:00 DEBUG 'ansible_navigator.main' bindep==2.11.0 /usr/local/lib/python3.9/site-packages/bindep/__init__.py
2024-05-10T19:32:18.617139+00:00 DEBUG 'ansible_navigator.main' black==24.2.0 /usr/local/lib/python3.9/site-packages/black/__init__.py
2024-05-10T19:32:18.617149+00:00 DEBUG 'ansible_navigator.main' bracex==2.4 /usr/local/lib/python3.9/site-packages/bracex/__init__.py
2024-05-10T19:32:18.617158+00:00 DEBUG 'ansible_navigator.main' certifi==2022.12.7 /usr/lib/python3.9/site-packages/certifi/__init__.py
2024-05-10T19:32:18.617168+00:00 DEBUG 'ansible_navigator.main' cffi==1.15.0 /usr/lib64/python3.9/site-packages/cffi/__init__.py
2024-05-10T19:32:18.617180+00:00 DEBUG 'ansible_navigator.main' charset-normalizer==2.0.11 
2024-05-10T19:32:18.617189+00:00 DEBUG 'ansible_navigator.main' click==8.1.3 /usr/lib/python3.9/site-packages/click/__init__.py
2024-05-10T19:32:18.617202+00:00 DEBUG 'ansible_navigator.main' cliff==4.6.0 /root/.local/lib/python3.9/site-packages/cliff/__init__.py
2024-05-10T19:32:18.617211+00:00 DEBUG 'ansible_navigator.main' cmd2==2.4.3 /root/.local/lib/python3.9/site-packages/cmd2/__init__.py
2024-05-10T19:32:18.617221+00:00 DEBUG 'ansible_navigator.main' cockpit==316 /usr/lib/python3.9/site-packages/cockpit/__init__.py
2024-05-10T19:32:18.617230+00:00 DEBUG 'ansible_navigator.main' cryptography==38.0.4 /usr/lib64/python3.9/site-packages/cryptography/__init__.py
2024-05-10T19:32:18.617252+00:00 DEBUG 'ansible_navigator.main' dasbus==1.4 /usr/lib/python3.9/site-packages/dasbus/__init__.py
2024-05-10T19:32:18.617290+00:00 DEBUG 'ansible_navigator.main' dbus-python==1.2.18 
2024-05-10T19:32:18.617307+00:00 DEBUG 'ansible_navigator.main' decorator==4.4.2 /usr/lib/python3.9/site-packages/decorator.py
2024-05-10T19:32:18.617318+00:00 DEBUG 'ansible_navigator.main' distro==1.9.0 /usr/local/lib/python3.9/site-packages/distro/__init__.py
2024-05-10T19:32:18.617327+00:00 DEBUG 'ansible_navigator.main' django-cors-headers==4.3.1 
2024-05-10T19:32:18.617337+00:00 DEBUG 'ansible_navigator.main' django-filter==24.2 
2024-05-10T19:32:18.617349+00:00 DEBUG 'ansible_navigator.main' django-health-check==3.18.1 
2024-05-10T19:32:18.617359+00:00 DEBUG 'ansible_navigator.main' djangorestframework==3.15.1 
2024-05-10T19:32:18.617371+00:00 DEBUG 'ansible_navigator.main' docutils==0.20.1 /usr/local/lib/python3.9/site-packages/docutils/__init__.py
2024-05-10T19:32:18.617381+00:00 DEBUG 'ansible_navigator.main' dynaconf==3.2.5 /root/.local/lib/python3.9/site-packages/dynaconf/__init__.py
2024-05-10T19:32:18.617390+00:00 DEBUG 'ansible_navigator.main' file-magic==0.4.0 
2024-05-10T19:32:18.617399+00:00 DEBUG 'ansible_navigator.main' filelock==3.13.1 /usr/local/lib/python3.9/site-packages/filelock/__init__.py
2024-05-10T19:32:18.617412+00:00 DEBUG 'ansible_navigator.main' frozenlist==1.4.1 /usr/local/lib64/python3.9/site-packages/frozenlist/__init__.py
2024-05-10T19:32:18.617421+00:00 DEBUG 'ansible_navigator.main' hvac==2.1.0 /usr/local/lib/python3.9/site-packages/hvac/__init__.py
2024-05-10T19:32:18.617430+00:00 DEBUG 'ansible_navigator.main' idna==3.3 /usr/lib/python3.9/site-packages/idna/__init__.py
2024-05-10T19:32:18.617443+00:00 DEBUG 'ansible_navigator.main' importlib-metadata==6.2.1 
2024-05-10T19:32:18.617453+00:00 DEBUG 'ansible_navigator.main' importlib-resources==5.0.7 
2024-05-10T19:32:18.617465+00:00 DEBUG 'ansible_navigator.main' iniparse==0.4 /usr/lib/python3.9/site-packages/iniparse/__init__.py
2024-05-10T19:32:18.617475+00:00 DEBUG 'ansible_navigator.main' jsonschema-specifications==2023.12.1 
2024-05-10T19:32:18.617485+00:00 DEBUG 'ansible_navigator.main' jsonschema==4.20.0 /usr/local/lib/python3.9/site-packages/jsonschema/__init__.py
2024-05-10T19:32:18.617495+00:00 DEBUG 'ansible_navigator.main' lockfile==0.12.2 /usr/local/lib/python3.9/site-packages/lockfile/__init__.py
2024-05-10T19:32:18.617505+00:00 DEBUG 'ansible_navigator.main' lxml==4.6.5 /usr/lib64/python3.9/site-packages/lxml/__init__.py
2024-05-10T19:32:18.617517+00:00 DEBUG 'ansible_navigator.main' markdown-it-py==3.0.0 
2024-05-10T19:32:18.617526+00:00 DEBUG 'ansible_navigator.main' mdurl==0.1.2 /usr/local/lib/python3.9/site-packages/mdurl/__init__.py
2024-05-10T19:32:18.617538+00:00 DEBUG 'ansible_navigator.main' multidict==6.0.5 /usr/local/lib64/python3.9/site-packages/multidict/__init__.py
2024-05-10T19:32:18.617548+00:00 DEBUG 'ansible_navigator.main' mypy-extensions==1.0.0 
2024-05-10T19:32:18.617558+00:00 DEBUG 'ansible_navigator.main' nftables==0.1 /usr/lib/python3.9/site-packages/nftables/__init__.py
2024-05-10T19:32:18.617567+00:00 DEBUG 'ansible_navigator.main' onigurumacffi==1.1.0 /usr/lib64/python3.9/site-packages/onigurumacffi.py
2024-05-10T19:32:18.617579+00:00 DEBUG 'ansible_navigator.main' packaging==23.2 /usr/local/lib/python3.9/site-packages/packaging/__init__.py
2024-05-10T19:32:18.617589+00:00 DEBUG 'ansible_navigator.main' paramiko==3.4.0 /usr/local/lib/python3.9/site-packages/paramiko/__init__.py
2024-05-10T19:32:18.617599+00:00 DEBUG 'ansible_navigator.main' pathspec==0.12.1 /usr/local/lib/python3.9/site-packages/pathspec/__init__.py
2024-05-10T19:32:18.617608+00:00 DEBUG 'ansible_navigator.main' pbr==6.0.0 /usr/local/lib/python3.9/site-packages/pbr/__init__.py
2024-05-10T19:32:18.617618+00:00 DEBUG 'ansible_navigator.main' perf==0.1 /usr/lib64/python3.9/site-packages/perf.cpython-39-aarch64-linux-gnu.so
2024-05-10T19:32:18.617630+00:00 DEBUG 'ansible_navigator.main' pip==21.3.1 /usr/lib/python3.9/site-packages/pip/__init__.py
2024-05-10T19:32:18.617641+00:00 DEBUG 'ansible_navigator.main' platformdirs==4.2.0 /usr/local/lib/python3.9/site-packages/platformdirs/__init__.py
2024-05-10T19:32:18.617654+00:00 DEBUG 'ansible_navigator.main' prettytable==3.10.0 /root/.local/lib/python3.9/site-packages/prettytable/__init__.py
2024-05-10T19:32:18.617663+00:00 DEBUG 'ansible_navigator.main' psutil==5.8.0 /usr/lib64/python3.9/site-packages/psutil/__init__.py
2024-05-10T19:32:18.617673+00:00 DEBUG 'ansible_navigator.main' psycopg2==2.9.3 /usr/lib64/python3.9/site-packages/psycopg2/__init__.py
2024-05-10T19:32:18.617682+00:00 DEBUG 'ansible_navigator.main' pycparser==2.21 /usr/lib/python3.9/site-packages/pycparser/__init__.py
2024-05-10T19:32:18.617692+00:00 DEBUG 'ansible_navigator.main' pyinotify==0.9.6 /usr/lib/python3.9/site-packages/pyinotify.py
2024-05-10T19:32:18.617704+00:00 DEBUG 'ansible_navigator.main' pyperclip==1.8.2 /root/.local/lib/python3.9/site-packages/pyperclip/__init__.py
2024-05-10T19:32:18.617713+00:00 DEBUG 'ansible_navigator.main' python-daemon==3.0.1 
2024-05-10T19:32:18.617726+00:00 DEBUG 'ansible_navigator.main' python-dateutil==2.8.1 
2024-05-10T19:32:18.617735+00:00 DEBUG 'ansible_navigator.main' python-linux-procfs==0.7.3 
2024-05-10T19:32:18.617744+00:00 DEBUG 'ansible_navigator.main' pyudev==0.22.0 /usr/lib/python3.9/site-packages/pyudev/__init__.py
2024-05-10T19:32:18.617754+00:00 DEBUG 'ansible_navigator.main' receptor-python-worker==1.4.4 
2024-05-10T19:32:18.617764+00:00 DEBUG 'ansible_navigator.main' receptorctl==1.4.4 /usr/lib/python3.9/site-packages/receptorctl/__init__.py
2024-05-10T19:32:18.617773+00:00 DEBUG 'ansible_navigator.main' referencing==0.32.1 /usr/local/lib/python3.9/site-packages/referencing/__init__.py
2024-05-10T19:32:18.617783+00:00 DEBUG 'ansible_navigator.main' requests==2.31.0 /usr/lib/python3.9/site-packages/requests/__init__.py
2024-05-10T19:32:18.617792+00:00 DEBUG 'ansible_navigator.main' requirements-parser==0.5.0 
2024-05-10T19:32:18.617801+00:00 DEBUG 'ansible_navigator.main' resolvelib==0.5.4 /usr/lib/python3.9/site-packages/resolvelib/__init__.py
2024-05-10T19:32:18.617811+00:00 DEBUG 'ansible_navigator.main' rich==13.7.0 /usr/local/lib/python3.9/site-packages/rich/__init__.py
2024-05-10T19:32:18.617821+00:00 DEBUG 'ansible_navigator.main' rpds-py==0.16.2 
2024-05-10T19:32:18.617830+00:00 DEBUG 'ansible_navigator.main' ruamel.yaml.clib==0.2.8 
2024-05-10T19:32:18.617842+00:00 DEBUG 'ansible_navigator.main' ruamel.yaml==0.18.6 /usr/local/lib/python3.9/site-packages/ruamel/yaml/__init__.py
2024-05-10T19:32:18.617852+00:00 DEBUG 'ansible_navigator.main' selinux==3.6 /usr/lib64/python3.9/site-packages/selinux/__init__.py
2024-05-10T19:32:18.617861+00:00 DEBUG 'ansible_navigator.main' sepolicy==3.6 /usr/lib/python3.9/site-packages/sepolicy/__init__.py
2024-05-10T19:32:18.617870+00:00 DEBUG 'ansible_navigator.main' setools==4.4.4 /usr/lib64/python3.9/site-packages/setools/__init__.py
2024-05-10T19:32:18.617880+00:00 DEBUG 'ansible_navigator.main' setroubleshoot==3.3.32 /usr/lib/python3.9/site-packages/setroubleshoot/__init__.py
2024-05-10T19:32:18.617889+00:00 DEBUG 'ansible_navigator.main' setuptools==69.1.0 /usr/local/lib/python3.9/site-packages/setuptools/__init__.py
2024-05-10T19:32:18.617901+00:00 DEBUG 'ansible_navigator.main' six==1.16.0 /usr/lib/python3.9/site-packages/six.py
2024-05-10T19:32:18.617911+00:00 DEBUG 'ansible_navigator.main' sos==4.7.1 /usr/lib/python3.9/site-packages/sos/__init__.py
2024-05-10T19:32:18.617923+00:00 DEBUG 'ansible_navigator.main' sqlparse==0.5.0 /root/.local/lib/python3.9/site-packages/sqlparse/__init__.py
2024-05-10T19:32:18.617933+00:00 DEBUG 'ansible_navigator.main' stevedore==5.2.0 /root/.local/lib/python3.9/site-packages/stevedore/__init__.py
2024-05-10T19:32:18.617943+00:00 DEBUG 'ansible_navigator.main' subprocess-tee==0.4.1 
2024-05-10T19:32:18.617952+00:00 DEBUG 'ansible_navigator.main' subscription-manager==1.29.40 
2024-05-10T19:32:18.617961+00:00 DEBUG 'ansible_navigator.main' supervisor==4.2.4 /usr/lib/python3.9/site-packages/supervisor/__init__.py
2024-05-10T19:32:18.617975+00:00 DEBUG 'ansible_navigator.main' tomli==2.0.1 /usr/local/lib/python3.9/site-packages/tomli/__init__.py
2024-05-10T19:32:18.617985+00:00 DEBUG 'ansible_navigator.main' twilio==8.12.0 /usr/local/lib/python3.9/site-packages/twilio/__init__.py
2024-05-10T19:32:18.617994+00:00 DEBUG 'ansible_navigator.main' types-setuptools==69.0.0.20240106 
2024-05-10T19:32:18.618004+00:00 DEBUG 'ansible_navigator.main' typing_extensions==4.9.0 /usr/local/lib/python3.9/site-packages/typing_extensions.py
2024-05-10T19:32:18.618013+00:00 DEBUG 'ansible_navigator.main' tzdata==2024.1 /usr/local/lib/python3.9/site-packages/tzdata/__init__.py
2024-05-10T19:32:18.618023+00:00 DEBUG 'ansible_navigator.main' tzlocal==5.2 /root/.local/lib/python3.9/site-packages/tzlocal/__init__.py
2024-05-10T19:32:18.618032+00:00 DEBUG 'ansible_navigator.main' urllib3==1.26.18 /usr/lib/python3.9/site-packages/urllib3/__init__.py
2024-05-10T19:32:18.618042+00:00 DEBUG 'ansible_navigator.main' wcmatch==8.5 /usr/local/lib/python3.9/site-packages/wcmatch/__init__.py
2024-05-10T19:32:18.618052+00:00 DEBUG 'ansible_navigator.main' wcwidth==0.2.13 /root/.local/lib/python3.9/site-packages/wcwidth/__init__.py
2024-05-10T19:32:18.618061+00:00 DEBUG 'ansible_navigator.main' wheel==0.42.0 /usr/local/lib/python3.9/site-packages/wheel/__init__.py
2024-05-10T19:32:18.618074+00:00 DEBUG 'ansible_navigator.main' whitenoise==6.6.0 /root/.local/lib/python3.9/site-packages/whitenoise/__init__.py
2024-05-10T19:32:18.618083+00:00 DEBUG 'ansible_navigator.main' yamllint==1.35.0 /usr/local/lib/python3.9/site-packages/yamllint/__init__.py
2024-05-10T19:32:18.618095+00:00 DEBUG 'ansible_navigator.main' yarl==1.9.4 /usr/local/lib64/python3.9/site-packages/yarl/__init__.py
2024-05-10T19:32:18.618104+00:00 DEBUG 'ansible_navigator.main' zipp==3.17.0 /usr/local/lib/python3.9/site-packages/zipp/__init__.py
2024-05-10T19:32:18.618117+00:00 DEBUG 'ansible_navigator.main' Default collection_doc_cache_path set to: /root/.cache/ansible-navigator/collection_doc_cache.db
2024-05-10T19:32:18.618127+00:00 DEBUG 'ansible_navigator.main' EDITOR environment variable not set
2024-05-10T19:32:18.618136+00:00 DEBUG 'ansible_navigator.main' Default editor_command set to: vi +{line_number} {filename}
2024-05-10T19:32:18.618146+00:00 DEBUG 'ansible_navigator.main' No config file set by ANSIBLE_NAVIGATOR_CONFIG
2024-05-10T19:32:18.618155+00:00 DEBUG 'ansible_navigator.main' Looking in /root
2024-05-10T19:32:18.618165+00:00 DEBUG 'ansible_navigator.main' Looking for '/root/.ansible-navigator.yml', '/root/.ansible-navigator.yaml' and '/root/.ansible-navigator.json'
2024-05-10T19:32:18.618175+00:00 DEBUG 'ansible_navigator.main' Found 0: 
2024-05-10T19:32:18.618184+00:00 DEBUG 'ansible_navigator.main' Looking in /root/containers/jinja2_demo
2024-05-10T19:32:18.618194+00:00 DEBUG 'ansible_navigator.main' Looking for '/root/containers/jinja2_demo/ansible-navigator.yml', '/root/containers/jinja2_demo/ansible-navigator.yaml' and '/root/containers/jinja2_demo/ansible-navigator.json'
2024-05-10T19:32:18.618206+00:00 DEBUG 'ansible_navigator.main' Found 0: 
2024-05-10T19:32:18.618216+00:00 DEBUG 'ansible_navigator.main' All found 0: 
2024-05-10T19:32:18.618225+00:00 DEBUG 'ansible_navigator.main' Using: None
2024-05-10T19:32:18.618237+00:00 DEBUG 'ansible_navigator.main' No valid settings file found, using all default values for settings.
2024-05-10T19:32:18.618247+00:00 DEBUG 'ansible_navigator.main' Command provided: 'setting'
2024-05-10T19:32:18.618258+00:00 WARNING 'ansible_navigator.main' Configuration errors encountered, rolling back to previous configuration.
2024-05-10T19:32:18.618267+00:00 DEBUG 'ansible_navigator.main' Prior to rollback: ansible_runner_artifact_dir = 'Not set' (Constants/Not set)
2024-05-10T19:32:18.618277+00:00 DEBUG 'ansible_navigator.main' Prior to rollback: ansible_runner_rotate_artifacts_count = 'Not set' (Constants/Not set)
2024-05-10T19:32:18.618287+00:00 DEBUG 'ansible_navigator.main' Prior to rollback: ansible_runner_timeout = 'Not set' (Constants/Not set)
2024-05-10T19:32:18.618297+00:00 DEBUG 'ansible_navigator.main' Prior to rollback: ansible_runner_write_job_events = 'False' (bool/Defaults)
2024-05-10T19:32:18.618307+00:00 DEBUG 'ansible_navigator.main' Prior to rollback: app = 'welcome' (str/Defaults)
2024-05-10T19:32:18.618317+00:00 DEBUG 'ansible_navigator.main' Prior to rollback: cmdline = '['setting']' (list/Command line)
2024-05-10T19:32:18.618326+00:00 DEBUG 'ansible_navigator.main' Prior to rollback: collection_doc_cache_path = '/root/.cache/ansible-navigator/collection_doc_cache.db' (str/Defaults)
2024-05-10T19:32:18.618335+00:00 DEBUG 'ansible_navigator.main' Prior to rollback: config = 'Not set' (Constants/Not set)
2024-05-10T19:32:18.618345+00:00 DEBUG 'ansible_navigator.main' Prior to rollback: container_engine = 'auto' (str/Defaults)
2024-05-10T19:32:18.618355+00:00 DEBUG 'ansible_navigator.main' Prior to rollback: container_options = 'Not set' (Constants/Not set)
2024-05-10T19:32:18.618364+00:00 DEBUG 'ansible_navigator.main' Prior to rollback: display_color = 'True' (bool/Defaults)
2024-05-10T19:32:18.618373+00:00 DEBUG 'ansible_navigator.main' Prior to rollback: editor_command = 'vi +{line_number} {filename}' (str/Defaults)
2024-05-10T19:32:18.618383+00:00 DEBUG 'ansible_navigator.main' Prior to rollback: editor_console = 'True' (bool/Defaults)
2024-05-10T19:32:18.618392+00:00 DEBUG 'ansible_navigator.main' Prior to rollback: enable_prompts = 'False' (bool/Defaults)
2024-05-10T19:32:18.618402+00:00 DEBUG 'ansible_navigator.main' Prior to rollback: exec_command = '/bin/bash' (str/Defaults)
2024-05-10T19:32:18.618411+00:00 DEBUG 'ansible_navigator.main' Prior to rollback: exec_shell = 'True' (bool/Defaults)
2024-05-10T19:32:18.618421+00:00 DEBUG 'ansible_navigator.main' Prior to rollback: execution_environment = 'True' (bool/Defaults)
2024-05-10T19:32:18.618430+00:00 DEBUG 'ansible_navigator.main' Prior to rollback: execution_environment_image = 'ghcr.io/ansible/creator-ee:v0.22.0' (str/Defaults)
2024-05-10T19:32:18.618440+00:00 DEBUG 'ansible_navigator.main' Prior to rollback: execution_environment_volume_mounts = 'Not set' (Constants/Not set)
2024-05-10T19:32:18.618449+00:00 DEBUG 'ansible_navigator.main' Prior to rollback: format = 'yaml' (str/Defaults)
2024-05-10T19:32:18.618459+00:00 DEBUG 'ansible_navigator.main' Prior to rollback: help_builder = 'False' (bool/Defaults)
2024-05-10T19:32:18.618468+00:00 DEBUG 'ansible_navigator.main' Prior to rollback: help_config = 'False' (bool/Defaults)
2024-05-10T19:32:18.618478+00:00 DEBUG 'ansible_navigator.main' Prior to rollback: help_doc = 'False' (bool/Defaults)
2024-05-10T19:32:18.618488+00:00 DEBUG 'ansible_navigator.main' Prior to rollback: help_inventory = 'False' (bool/Defaults)
2024-05-10T19:32:18.618497+00:00 DEBUG 'ansible_navigator.main' Prior to rollback: help_playbook = 'False' (bool/Defaults)
2024-05-10T19:32:18.618507+00:00 DEBUG 'ansible_navigator.main' Prior to rollback: images_details = '['everything']' (list/Defaults)
2024-05-10T19:32:18.618517+00:00 DEBUG 'ansible_navigator.main' Prior to rollback: inventory = 'Not set' (Constants/Not set)
2024-05-10T19:32:18.618527+00:00 DEBUG 'ansible_navigator.main' Prior to rollback: inventory_column = 'Not set' (Constants/Not set)
2024-05-10T19:32:18.618536+00:00 DEBUG 'ansible_navigator.main' Prior to rollback: lint_config = 'Not set' (Constants/Not set)
2024-05-10T19:32:18.618546+00:00 DEBUG 'ansible_navigator.main' Prior to rollback: lintables = 'Not set' (Constants/Not set)
2024-05-10T19:32:18.618556+00:00 DEBUG 'ansible_navigator.main' Prior to rollback: log_append = 'True' (bool/Defaults)
2024-05-10T19:32:18.618566+00:00 DEBUG 'ansible_navigator.main' Prior to rollback: log_file = '/root/containers/jinja2_demo/ansible-navigator.log' (str/Defaults)
2024-05-10T19:32:18.618575+00:00 DEBUG 'ansible_navigator.main' Prior to rollback: log_level = 'warning' (str/Defaults)
2024-05-10T19:32:18.618585+00:00 DEBUG 'ansible_navigator.main' Prior to rollback: mode = 'interactive' (str/Defaults)
2024-05-10T19:32:18.618595+00:00 DEBUG 'ansible_navigator.main' Prior to rollback: osc4 = 'True' (bool/Defaults)
2024-05-10T19:32:18.618605+00:00 DEBUG 'ansible_navigator.main' Prior to rollback: pass_environment_variable = 'Not set' (Constants/Not set)
2024-05-10T19:32:18.618614+00:00 DEBUG 'ansible_navigator.main' Prior to rollback: playbook = 'Not set' (Constants/Not set)
2024-05-10T19:32:18.618624+00:00 DEBUG 'ansible_navigator.main' Prior to rollback: playbook_artifact_enable = 'True' (bool/Defaults)
2024-05-10T19:32:18.618633+00:00 DEBUG 'ansible_navigator.main' Prior to rollback: playbook_artifact_replay = 'Not set' (Constants/Not set)
2024-05-10T19:32:18.618643+00:00 DEBUG 'ansible_navigator.main' Prior to rollback: playbook_artifact_save_as = '{playbook_dir}/{playbook_name}-artifact-{time_stamp}.json' (str/Defaults)
2024-05-10T19:32:18.618653+00:00 DEBUG 'ansible_navigator.main' Prior to rollback: plugin_name = 'Not set' (Constants/Not set)
2024-05-10T19:32:18.618662+00:00 DEBUG 'ansible_navigator.main' Prior to rollback: plugin_type = 'module' (str/Defaults)
2024-05-10T19:32:18.618671+00:00 DEBUG 'ansible_navigator.main' Prior to rollback: pull_arguments = 'Not set' (Constants/Not set)
2024-05-10T19:32:18.618681+00:00 DEBUG 'ansible_navigator.main' Prior to rollback: pull_policy = 'tag' (str/Defaults)
2024-05-10T19:32:18.618690+00:00 DEBUG 'ansible_navigator.main' Prior to rollback: set_environment_variable = 'Not set' (Constants/Not set)
2024-05-10T19:32:18.618700+00:00 DEBUG 'ansible_navigator.main' Prior to rollback: settings_effective = 'False' (bool/Defaults)
2024-05-10T19:32:18.618709+00:00 DEBUG 'ansible_navigator.main' Prior to rollback: settings_sample = 'False' (bool/Defaults)
2024-05-10T19:32:18.618718+00:00 DEBUG 'ansible_navigator.main' Prior to rollback: settings_schema = 'json' (str/Defaults)
2024-05-10T19:32:18.618728+00:00 DEBUG 'ansible_navigator.main' Prior to rollback: settings_sources = 'False' (bool/Defaults)
2024-05-10T19:32:18.618737+00:00 DEBUG 'ansible_navigator.main' Prior to rollback: time_zone = 'UTC' (str/Defaults)
2024-05-10T19:32:18.618747+00:00 DEBUG 'ansible_navigator.main' Prior to rollback: workdir = '/root/containers/jinja2_demo' (str/Defaults)
2024-05-10T19:32:18.618756+00:00 DEBUG 'ansible_navigator.main' After rollback: ansible_runner_artifact_dir = 'Not set' (Constants/Not set)
2024-05-10T19:32:18.618766+00:00 DEBUG 'ansible_navigator.main' After rollback: ansible_runner_rotate_artifacts_count = 'Not set' (Constants/Not set)
2024-05-10T19:32:18.618775+00:00 DEBUG 'ansible_navigator.main' After rollback: ansible_runner_timeout = 'Not set' (Constants/Not set)
2024-05-10T19:32:18.618784+00:00 DEBUG 'ansible_navigator.main' After rollback: ansible_runner_write_job_events = 'Not set' (Constants/Not set)
2024-05-10T19:32:18.618794+00:00 DEBUG 'ansible_navigator.main' After rollback: app = 'Not set' (Constants/Not set)
2024-05-10T19:32:18.618803+00:00 DEBUG 'ansible_navigator.main' After rollback: cmdline = 'Not set' (Constants/Not set)
2024-05-10T19:32:18.618813+00:00 DEBUG 'ansible_navigator.main' After rollback: collection_doc_cache_path = 'Not set' (Constants/Not set)
2024-05-10T19:32:18.618822+00:00 DEBUG 'ansible_navigator.main' After rollback: config = 'Not set' (Constants/Not set)
2024-05-10T19:32:18.618832+00:00 DEBUG 'ansible_navigator.main' After rollback: container_engine = 'Not set' (Constants/Not set)
2024-05-10T19:32:18.618841+00:00 DEBUG 'ansible_navigator.main' After rollback: container_options = 'Not set' (Constants/Not set)
2024-05-10T19:32:18.618850+00:00 DEBUG 'ansible_navigator.main' After rollback: display_color = 'Not set' (Constants/Not set)
2024-05-10T19:32:18.618860+00:00 DEBUG 'ansible_navigator.main' After rollback: editor_command = 'Not set' (Constants/Not set)
2024-05-10T19:32:18.618870+00:00 DEBUG 'ansible_navigator.main' After rollback: editor_console = 'Not set' (Constants/Not set)
2024-05-10T19:32:18.618879+00:00 DEBUG 'ansible_navigator.main' After rollback: enable_prompts = 'Not set' (Constants/Not set)
2024-05-10T19:32:18.618888+00:00 DEBUG 'ansible_navigator.main' After rollback: exec_command = 'Not set' (Constants/Not set)
2024-05-10T19:32:18.618899+00:00 DEBUG 'ansible_navigator.main' After rollback: exec_shell = 'Not set' (Constants/Not set)
2024-05-10T19:32:18.618909+00:00 DEBUG 'ansible_navigator.main' After rollback: execution_environment = 'Not set' (Constants/Not set)
2024-05-10T19:32:18.618918+00:00 DEBUG 'ansible_navigator.main' After rollback: execution_environment_image = 'Not set' (Constants/Not set)
2024-05-10T19:32:18.618928+00:00 DEBUG 'ansible_navigator.main' After rollback: execution_environment_volume_mounts = 'Not set' (Constants/Not set)
2024-05-10T19:32:18.618937+00:00 DEBUG 'ansible_navigator.main' After rollback: format = 'Not set' (Constants/Not set)
2024-05-10T19:32:18.618947+00:00 DEBUG 'ansible_navigator.main' After rollback: help_builder = 'Not set' (Constants/Not set)
2024-05-10T19:32:18.618956+00:00 DEBUG 'ansible_navigator.main' After rollback: help_config = 'Not set' (Constants/Not set)
2024-05-10T19:32:18.618965+00:00 DEBUG 'ansible_navigator.main' After rollback: help_doc = 'Not set' (Constants/Not set)
2024-05-10T19:32:18.618975+00:00 DEBUG 'ansible_navigator.main' After rollback: help_inventory = 'Not set' (Constants/Not set)
2024-05-10T19:32:18.618984+00:00 DEBUG 'ansible_navigator.main' After rollback: help_playbook = 'Not set' (Constants/Not set)
2024-05-10T19:32:18.618994+00:00 DEBUG 'ansible_navigator.main' After rollback: images_details = 'Not set' (Constants/Not set)
2024-05-10T19:32:18.619003+00:00 DEBUG 'ansible_navigator.main' After rollback: inventory = 'Not set' (Constants/Not set)
2024-05-10T19:32:18.619012+00:00 DEBUG 'ansible_navigator.main' After rollback: inventory_column = 'Not set' (Constants/Not set)
2024-05-10T19:32:18.619022+00:00 DEBUG 'ansible_navigator.main' After rollback: lint_config = 'Not set' (Constants/Not set)
2024-05-10T19:32:18.619031+00:00 DEBUG 'ansible_navigator.main' After rollback: lintables = 'Not set' (Constants/Not set)
2024-05-10T19:32:18.619040+00:00 DEBUG 'ansible_navigator.main' After rollback: log_append = 'Not set' (Constants/Not set)
2024-05-10T19:32:18.619050+00:00 DEBUG 'ansible_navigator.main' After rollback: log_file = 'Not set' (Constants/Not set)
2024-05-10T19:32:18.619059+00:00 DEBUG 'ansible_navigator.main' After rollback: log_level = 'Not set' (Constants/Not set)
2024-05-10T19:32:18.619068+00:00 DEBUG 'ansible_navigator.main' After rollback: mode = 'Not set' (Constants/Not set)
2024-05-10T19:32:18.619078+00:00 DEBUG 'ansible_navigator.main' After rollback: osc4 = 'Not set' (Constants/Not set)
2024-05-10T19:32:18.619087+00:00 DEBUG 'ansible_navigator.main' After rollback: pass_environment_variable = 'Not set' (Constants/Not set)
2024-05-10T19:32:18.619097+00:00 DEBUG 'ansible_navigator.main' After rollback: playbook = 'Not set' (Constants/Not set)
2024-05-10T19:32:18.619106+00:00 DEBUG 'ansible_navigator.main' After rollback: playbook_artifact_enable = 'Not set' (Constants/Not set)
2024-05-10T19:32:18.619116+00:00 DEBUG 'ansible_navigator.main' After rollback: playbook_artifact_replay = 'Not set' (Constants/Not set)
2024-05-10T19:32:18.619125+00:00 DEBUG 'ansible_navigator.main' After rollback: playbook_artifact_save_as = 'Not set' (Constants/Not set)
2024-05-10T19:32:18.619134+00:00 DEBUG 'ansible_navigator.main' After rollback: plugin_name = 'Not set' (Constants/Not set)
2024-05-10T19:32:18.619144+00:00 DEBUG 'ansible_navigator.main' After rollback: plugin_type = 'Not set' (Constants/Not set)
2024-05-10T19:32:18.619153+00:00 DEBUG 'ansible_navigator.main' After rollback: pull_arguments = 'Not set' (Constants/Not set)
2024-05-10T19:32:18.619162+00:00 DEBUG 'ansible_navigator.main' After rollback: pull_policy = 'Not set' (Constants/Not set)
2024-05-10T19:32:18.619172+00:00 DEBUG 'ansible_navigator.main' After rollback: set_environment_variable = 'Not set' (Constants/Not set)
2024-05-10T19:32:18.619181+00:00 DEBUG 'ansible_navigator.main' After rollback: settings_effective = 'Not set' (Constants/Not set)
2024-05-10T19:32:18.619190+00:00 DEBUG 'ansible_navigator.main' After rollback: settings_sample = 'Not set' (Constants/Not set)
2024-05-10T19:32:18.619201+00:00 DEBUG 'ansible_navigator.main' After rollback: settings_schema = 'Not set' (Constants/Not set)
2024-05-10T19:32:18.619211+00:00 DEBUG 'ansible_navigator.main' After rollback: settings_sources = 'Not set' (Constants/Not set)
2024-05-10T19:32:18.619220+00:00 DEBUG 'ansible_navigator.main' After rollback: time_zone = 'Not set' (Constants/Not set)
2024-05-10T19:32:18.619230+00:00 DEBUG 'ansible_navigator.main' After rollback: workdir = 'Not set' (Constants/Not set)
2024-05-10T19:32:18.619239+00:00 DEBUG 'ansible_navigator.main' Configuration rollback complete.
2024-05-10T19:32:18.619248+00:00 DEBUG 'ansible_navigator.main' Collection doc cache not mounted
2024-05-10T19:32:18.619263+00:00 WARNING 'ansible_navigator.main' Issues were found while applying the settings.
2024-05-10T19:32:18.619274+00:00 INFO 'ansible_navigator.main' Command provided: 'setting'
2024-05-10T19:32:18.619285+00:00 ERROR 'ansible_navigator.main' argument {subcommand} --help: invalid choice: 'setting' (choose from 'builder', 'collections', 'config', 'doc', 'exec', 'images', 'inventory', 'lint', 'replay', 'run', 'settings', 'welcome')
2024-05-10T19:32:18.619296+00:00 INFO 'ansible_navigator.main' Configuration failed, using default log file location. (/root/containers/jinja2_demo/ansible-navigator.log) Log level set to debug
2024-05-10T19:32:18.619307+00:00 INFO 'ansible_navigator.main' Review the hints and log file to see what went wrong.
2024-05-10T19:34:00.516356+00:00 INFO 'ansible_navigator.setup_logger' New ansible-navigator instance, logging initialized
2024-05-10T19:34:00.516500+00:00 INFO 'ansible_navigator.setup_logger' New ansible-runner instance, logging initialized
2024-05-10T19:34:00.516520+00:00 DEBUG 'ansible_navigator.main' Django==4.2.11 
2024-05-10T19:34:00.516532+00:00 DEBUG 'ansible_navigator.main' Jinja2==3.1.2 
2024-05-10T19:34:00.516542+00:00 DEBUG 'ansible_navigator.main' MarkupSafe==2.1.0 
2024-05-10T19:34:00.516552+00:00 DEBUG 'ansible_navigator.main' Parsley==1.3 
2024-05-10T19:34:00.516562+00:00 DEBUG 'ansible_navigator.main' PyJWT==2.8.0 
2024-05-10T19:34:00.516571+00:00 DEBUG 'ansible_navigator.main' PyNaCl==1.5.0 
2024-05-10T19:34:00.516581+00:00 DEBUG 'ansible_navigator.main' PyYAML==5.4.1 
2024-05-10T19:34:00.516590+00:00 DEBUG 'ansible_navigator.main' Pygments==2.17.2 
2024-05-10T19:34:00.516599+00:00 DEBUG 'ansible_navigator.main' aiohttp-retry==2.8.3 
2024-05-10T19:34:00.516608+00:00 DEBUG 'ansible_navigator.main' aiohttp==3.9.3 /usr/local/lib64/python3.9/site-packages/aiohttp/__init__.py
2024-05-10T19:34:00.516618+00:00 DEBUG 'ansible_navigator.main' aiosignal==1.3.1 /usr/local/lib/python3.9/site-packages/aiosignal/__init__.py
2024-05-10T19:34:00.516628+00:00 DEBUG 'ansible_navigator.main' ansible-builder==3.0.0 
2024-05-10T19:34:00.516637+00:00 DEBUG 'ansible_navigator.main' ansible-compat==4.1.11 
2024-05-10T19:34:00.516646+00:00 DEBUG 'ansible_navigator.main' ansible-core==2.15.11 
2024-05-10T19:34:00.516655+00:00 DEBUG 'ansible_navigator.main' ansible-lint==6.22.2 
2024-05-10T19:34:00.516665+00:00 DEBUG 'ansible_navigator.main' ansible-navigator==24.2.0 
2024-05-10T19:34:00.516674+00:00 DEBUG 'ansible_navigator.main' ansible-runner==2.3.5 
2024-05-10T19:34:00.516683+00:00 DEBUG 'ansible_navigator.main' ansible==8.7.0 /root/.local/lib/python3.9/site-packages/ansible/__init__.py
2024-05-10T19:34:00.516692+00:00 DEBUG 'ansible_navigator.main' ara==1.7.1 None
2024-05-10T19:34:00.516702+00:00 DEBUG 'ansible_navigator.main' asgiref==3.8.1 /root/.local/lib/python3.9/site-packages/asgiref/__init__.py
2024-05-10T19:34:00.516711+00:00 DEBUG 'ansible_navigator.main' async-timeout==4.0.3 
2024-05-10T19:34:00.516720+00:00 DEBUG 'ansible_navigator.main' attrs==23.2.0 /usr/local/lib/python3.9/site-packages/attrs/__init__.py
2024-05-10T19:34:00.516730+00:00 DEBUG 'ansible_navigator.main' autopage==0.5.2 /root/.local/lib/python3.9/site-packages/autopage/__init__.py
2024-05-10T19:34:00.516739+00:00 DEBUG 'ansible_navigator.main' bcrypt==4.1.2 /usr/local/lib64/python3.9/site-packages/bcrypt/__init__.py
2024-05-10T19:34:00.516753+00:00 DEBUG 'ansible_navigator.main' bindep==2.11.0 /usr/local/lib/python3.9/site-packages/bindep/__init__.py
2024-05-10T19:34:00.516763+00:00 DEBUG 'ansible_navigator.main' black==24.2.0 /usr/local/lib/python3.9/site-packages/black/__init__.py
2024-05-10T19:34:00.516772+00:00 DEBUG 'ansible_navigator.main' bracex==2.4 /usr/local/lib/python3.9/site-packages/bracex/__init__.py
2024-05-10T19:34:00.516782+00:00 DEBUG 'ansible_navigator.main' certifi==2022.12.7 /usr/lib/python3.9/site-packages/certifi/__init__.py
2024-05-10T19:34:00.516791+00:00 DEBUG 'ansible_navigator.main' cffi==1.15.0 /usr/lib64/python3.9/site-packages/cffi/__init__.py
2024-05-10T19:34:00.516800+00:00 DEBUG 'ansible_navigator.main' charset-normalizer==2.0.11 
2024-05-10T19:34:00.516809+00:00 DEBUG 'ansible_navigator.main' click==8.1.3 /usr/lib/python3.9/site-packages/click/__init__.py
2024-05-10T19:34:00.516819+00:00 DEBUG 'ansible_navigator.main' cliff==4.6.0 /root/.local/lib/python3.9/site-packages/cliff/__init__.py
2024-05-10T19:34:00.516828+00:00 DEBUG 'ansible_navigator.main' cmd2==2.4.3 /root/.local/lib/python3.9/site-packages/cmd2/__init__.py
2024-05-10T19:34:00.516837+00:00 DEBUG 'ansible_navigator.main' cockpit==316 /usr/lib/python3.9/site-packages/cockpit/__init__.py
2024-05-10T19:34:00.516846+00:00 DEBUG 'ansible_navigator.main' cryptography==38.0.4 /usr/lib64/python3.9/site-packages/cryptography/__init__.py
2024-05-10T19:34:00.516855+00:00 DEBUG 'ansible_navigator.main' dasbus==1.4 /usr/lib/python3.9/site-packages/dasbus/__init__.py
2024-05-10T19:34:00.516865+00:00 DEBUG 'ansible_navigator.main' dbus-python==1.2.18 
2024-05-10T19:34:00.516873+00:00 DEBUG 'ansible_navigator.main' decorator==4.4.2 /usr/lib/python3.9/site-packages/decorator.py
2024-05-10T19:34:00.516883+00:00 DEBUG 'ansible_navigator.main' distro==1.9.0 /usr/local/lib/python3.9/site-packages/distro/__init__.py
2024-05-10T19:34:00.516892+00:00 DEBUG 'ansible_navigator.main' django-cors-headers==4.3.1 
2024-05-10T19:34:00.516901+00:00 DEBUG 'ansible_navigator.main' django-filter==24.2 
2024-05-10T19:34:00.516910+00:00 DEBUG 'ansible_navigator.main' django-health-check==3.18.1 
2024-05-10T19:34:00.516920+00:00 DEBUG 'ansible_navigator.main' djangorestframework==3.15.1 
2024-05-10T19:34:00.516929+00:00 DEBUG 'ansible_navigator.main' docutils==0.20.1 /usr/local/lib/python3.9/site-packages/docutils/__init__.py
2024-05-10T19:34:00.516938+00:00 DEBUG 'ansible_navigator.main' dynaconf==3.2.5 /root/.local/lib/python3.9/site-packages/dynaconf/__init__.py
2024-05-10T19:34:00.516947+00:00 DEBUG 'ansible_navigator.main' file-magic==0.4.0 
2024-05-10T19:34:00.516956+00:00 DEBUG 'ansible_navigator.main' filelock==3.13.1 /usr/local/lib/python3.9/site-packages/filelock/__init__.py
2024-05-10T19:34:00.516966+00:00 DEBUG 'ansible_navigator.main' frozenlist==1.4.1 /usr/local/lib64/python3.9/site-packages/frozenlist/__init__.py
2024-05-10T19:34:00.516975+00:00 DEBUG 'ansible_navigator.main' hvac==2.1.0 /usr/local/lib/python3.9/site-packages/hvac/__init__.py
2024-05-10T19:34:00.516984+00:00 DEBUG 'ansible_navigator.main' idna==3.3 /usr/lib/python3.9/site-packages/idna/__init__.py
2024-05-10T19:34:00.516993+00:00 DEBUG 'ansible_navigator.main' importlib-metadata==6.2.1 
2024-05-10T19:34:00.517003+00:00 DEBUG 'ansible_navigator.main' importlib-resources==5.0.7 
2024-05-10T19:34:00.517012+00:00 DEBUG 'ansible_navigator.main' iniparse==0.4 /usr/lib/python3.9/site-packages/iniparse/__init__.py
2024-05-10T19:34:00.517021+00:00 DEBUG 'ansible_navigator.main' jsonschema-specifications==2023.12.1 
2024-05-10T19:34:00.517031+00:00 DEBUG 'ansible_navigator.main' jsonschema==4.20.0 /usr/local/lib/python3.9/site-packages/jsonschema/__init__.py
2024-05-10T19:34:00.517040+00:00 DEBUG 'ansible_navigator.main' lockfile==0.12.2 /usr/local/lib/python3.9/site-packages/lockfile/__init__.py
2024-05-10T19:34:00.517049+00:00 DEBUG 'ansible_navigator.main' lxml==4.6.5 /usr/lib64/python3.9/site-packages/lxml/__init__.py
2024-05-10T19:34:00.517061+00:00 DEBUG 'ansible_navigator.main' markdown-it-py==3.0.0 
2024-05-10T19:34:00.517071+00:00 DEBUG 'ansible_navigator.main' mdurl==0.1.2 /usr/local/lib/python3.9/site-packages/mdurl/__init__.py
2024-05-10T19:34:00.517080+00:00 DEBUG 'ansible_navigator.main' multidict==6.0.5 /usr/local/lib64/python3.9/site-packages/multidict/__init__.py
2024-05-10T19:34:00.517089+00:00 DEBUG 'ansible_navigator.main' mypy-extensions==1.0.0 
2024-05-10T19:34:00.517098+00:00 DEBUG 'ansible_navigator.main' nftables==0.1 /usr/lib/python3.9/site-packages/nftables/__init__.py
2024-05-10T19:34:00.517108+00:00 DEBUG 'ansible_navigator.main' onigurumacffi==1.1.0 /usr/lib64/python3.9/site-packages/onigurumacffi.py
2024-05-10T19:34:00.517117+00:00 DEBUG 'ansible_navigator.main' packaging==23.2 /usr/local/lib/python3.9/site-packages/packaging/__init__.py
2024-05-10T19:34:00.517126+00:00 DEBUG 'ansible_navigator.main' paramiko==3.4.0 /usr/local/lib/python3.9/site-packages/paramiko/__init__.py
2024-05-10T19:34:00.517136+00:00 DEBUG 'ansible_navigator.main' pathspec==0.12.1 /usr/local/lib/python3.9/site-packages/pathspec/__init__.py
2024-05-10T19:34:00.517145+00:00 DEBUG 'ansible_navigator.main' pbr==6.0.0 /usr/local/lib/python3.9/site-packages/pbr/__init__.py
2024-05-10T19:34:00.517154+00:00 DEBUG 'ansible_navigator.main' perf==0.1 /usr/lib64/python3.9/site-packages/perf.cpython-39-aarch64-linux-gnu.so
2024-05-10T19:34:00.517163+00:00 DEBUG 'ansible_navigator.main' pip==21.3.1 /usr/lib/python3.9/site-packages/pip/__init__.py
2024-05-10T19:34:00.517173+00:00 DEBUG 'ansible_navigator.main' platformdirs==4.2.0 /usr/local/lib/python3.9/site-packages/platformdirs/__init__.py
2024-05-10T19:34:00.517181+00:00 DEBUG 'ansible_navigator.main' prettytable==3.10.0 /root/.local/lib/python3.9/site-packages/prettytable/__init__.py
2024-05-10T19:34:00.517191+00:00 DEBUG 'ansible_navigator.main' psutil==5.8.0 /usr/lib64/python3.9/site-packages/psutil/__init__.py
2024-05-10T19:34:00.517200+00:00 DEBUG 'ansible_navigator.main' psycopg2==2.9.3 /usr/lib64/python3.9/site-packages/psycopg2/__init__.py
2024-05-10T19:34:00.517209+00:00 DEBUG 'ansible_navigator.main' pycparser==2.21 /usr/lib/python3.9/site-packages/pycparser/__init__.py
2024-05-10T19:34:00.517218+00:00 DEBUG 'ansible_navigator.main' pyinotify==0.9.6 /usr/lib/python3.9/site-packages/pyinotify.py
2024-05-10T19:34:00.517227+00:00 DEBUG 'ansible_navigator.main' pyperclip==1.8.2 /root/.local/lib/python3.9/site-packages/pyperclip/__init__.py
2024-05-10T19:34:00.517237+00:00 DEBUG 'ansible_navigator.main' python-daemon==3.0.1 
2024-05-10T19:34:00.517246+00:00 DEBUG 'ansible_navigator.main' python-dateutil==2.8.1 
2024-05-10T19:34:00.517255+00:00 DEBUG 'ansible_navigator.main' python-linux-procfs==0.7.3 
2024-05-10T19:34:00.517265+00:00 DEBUG 'ansible_navigator.main' pyudev==0.22.0 /usr/lib/python3.9/site-packages/pyudev/__init__.py
2024-05-10T19:34:00.517299+00:00 DEBUG 'ansible_navigator.main' receptor-python-worker==1.4.4 
2024-05-10T19:34:00.517309+00:00 DEBUG 'ansible_navigator.main' receptorctl==1.4.4 /usr/lib/python3.9/site-packages/receptorctl/__init__.py
2024-05-10T19:34:00.517318+00:00 DEBUG 'ansible_navigator.main' referencing==0.32.1 /usr/local/lib/python3.9/site-packages/referencing/__init__.py
2024-05-10T19:34:00.517329+00:00 DEBUG 'ansible_navigator.main' requests==2.31.0 /usr/lib/python3.9/site-packages/requests/__init__.py
2024-05-10T19:34:00.517338+00:00 DEBUG 'ansible_navigator.main' requirements-parser==0.5.0 
2024-05-10T19:34:00.517347+00:00 DEBUG 'ansible_navigator.main' resolvelib==0.5.4 /usr/lib/python3.9/site-packages/resolvelib/__init__.py
2024-05-10T19:34:00.517357+00:00 DEBUG 'ansible_navigator.main' rich==13.7.0 /usr/local/lib/python3.9/site-packages/rich/__init__.py
2024-05-10T19:34:00.517367+00:00 DEBUG 'ansible_navigator.main' rpds-py==0.16.2 
2024-05-10T19:34:00.517376+00:00 DEBUG 'ansible_navigator.main' ruamel.yaml.clib==0.2.8 
2024-05-10T19:34:00.517386+00:00 DEBUG 'ansible_navigator.main' ruamel.yaml==0.18.6 /usr/local/lib/python3.9/site-packages/ruamel/yaml/__init__.py
2024-05-10T19:34:00.517397+00:00 DEBUG 'ansible_navigator.main' selinux==3.6 /usr/lib64/python3.9/site-packages/selinux/__init__.py
2024-05-10T19:34:00.517407+00:00 DEBUG 'ansible_navigator.main' sepolicy==3.6 /usr/lib/python3.9/site-packages/sepolicy/__init__.py
2024-05-10T19:34:00.517416+00:00 DEBUG 'ansible_navigator.main' setools==4.4.4 /usr/lib64/python3.9/site-packages/setools/__init__.py
2024-05-10T19:34:00.517426+00:00 DEBUG 'ansible_navigator.main' setroubleshoot==3.3.32 /usr/lib/python3.9/site-packages/setroubleshoot/__init__.py
2024-05-10T19:34:00.517435+00:00 DEBUG 'ansible_navigator.main' setuptools==69.1.0 /usr/local/lib/python3.9/site-packages/setuptools/__init__.py
2024-05-10T19:34:00.517444+00:00 DEBUG 'ansible_navigator.main' six==1.16.0 /usr/lib/python3.9/site-packages/six.py
2024-05-10T19:34:00.517453+00:00 DEBUG 'ansible_navigator.main' sos==4.7.1 /usr/lib/python3.9/site-packages/sos/__init__.py
2024-05-10T19:34:00.517462+00:00 DEBUG 'ansible_navigator.main' sqlparse==0.5.0 /root/.local/lib/python3.9/site-packages/sqlparse/__init__.py
2024-05-10T19:34:00.517472+00:00 DEBUG 'ansible_navigator.main' stevedore==5.2.0 /root/.local/lib/python3.9/site-packages/stevedore/__init__.py
2024-05-10T19:34:00.517482+00:00 DEBUG 'ansible_navigator.main' subprocess-tee==0.4.1 
2024-05-10T19:34:00.517491+00:00 DEBUG 'ansible_navigator.main' subscription-manager==1.29.40 
2024-05-10T19:34:00.517500+00:00 DEBUG 'ansible_navigator.main' supervisor==4.2.4 /usr/lib/python3.9/site-packages/supervisor/__init__.py
2024-05-10T19:34:00.517509+00:00 DEBUG 'ansible_navigator.main' tomli==2.0.1 /usr/local/lib/python3.9/site-packages/tomli/__init__.py
2024-05-10T19:34:00.517519+00:00 DEBUG 'ansible_navigator.main' twilio==8.12.0 /usr/local/lib/python3.9/site-packages/twilio/__init__.py
2024-05-10T19:34:00.517528+00:00 DEBUG 'ansible_navigator.main' types-setuptools==69.0.0.20240106 
2024-05-10T19:34:00.517538+00:00 DEBUG 'ansible_navigator.main' typing_extensions==4.9.0 /usr/local/lib/python3.9/site-packages/typing_extensions.py
2024-05-10T19:34:00.517547+00:00 DEBUG 'ansible_navigator.main' tzdata==2024.1 /usr/local/lib/python3.9/site-packages/tzdata/__init__.py
2024-05-10T19:34:00.517556+00:00 DEBUG 'ansible_navigator.main' tzlocal==5.2 /root/.local/lib/python3.9/site-packages/tzlocal/__init__.py
2024-05-10T19:34:00.517565+00:00 DEBUG 'ansible_navigator.main' urllib3==1.26.18 /usr/lib/python3.9/site-packages/urllib3/__init__.py
2024-05-10T19:34:00.517574+00:00 DEBUG 'ansible_navigator.main' wcmatch==8.5 /usr/local/lib/python3.9/site-packages/wcmatch/__init__.py
2024-05-10T19:34:00.517584+00:00 DEBUG 'ansible_navigator.main' wcwidth==0.2.13 /root/.local/lib/python3.9/site-packages/wcwidth/__init__.py
2024-05-10T19:34:00.517593+00:00 DEBUG 'ansible_navigator.main' wheel==0.42.0 /usr/local/lib/python3.9/site-packages/wheel/__init__.py
2024-05-10T19:34:00.517602+00:00 DEBUG 'ansible_navigator.main' whitenoise==6.6.0 /root/.local/lib/python3.9/site-packages/whitenoise/__init__.py
2024-05-10T19:34:00.517612+00:00 DEBUG 'ansible_navigator.main' yamllint==1.35.0 /usr/local/lib/python3.9/site-packages/yamllint/__init__.py
2024-05-10T19:34:00.517621+00:00 DEBUG 'ansible_navigator.main' yarl==1.9.4 /usr/local/lib64/python3.9/site-packages/yarl/__init__.py
2024-05-10T19:34:00.517630+00:00 DEBUG 'ansible_navigator.main' zipp==3.17.0 /usr/local/lib/python3.9/site-packages/zipp/__init__.py
2024-05-10T19:34:00.517640+00:00 DEBUG 'ansible_navigator.main' Default collection_doc_cache_path set to: /root/.cache/ansible-navigator/collection_doc_cache.db
2024-05-10T19:34:00.517649+00:00 DEBUG 'ansible_navigator.main' EDITOR environment variable not set
2024-05-10T19:34:00.517658+00:00 DEBUG 'ansible_navigator.main' Default editor_command set to: vi +{line_number} {filename}
2024-05-10T19:34:00.517668+00:00 DEBUG 'ansible_navigator.main' No config file set by ANSIBLE_NAVIGATOR_CONFIG
2024-05-10T19:34:00.517677+00:00 DEBUG 'ansible_navigator.main' Looking in /root
2024-05-10T19:34:00.517686+00:00 DEBUG 'ansible_navigator.main' Looking for '/root/.ansible-navigator.yml', '/root/.ansible-navigator.yaml' and '/root/.ansible-navigator.json'
2024-05-10T19:34:00.517698+00:00 DEBUG 'ansible_navigator.main' Found 0: 
2024-05-10T19:34:00.517708+00:00 DEBUG 'ansible_navigator.main' Looking in /root/containers/jinja2_demo
2024-05-10T19:34:00.517717+00:00 DEBUG 'ansible_navigator.main' Looking for '/root/containers/jinja2_demo/ansible-navigator.yml', '/root/containers/jinja2_demo/ansible-navigator.yaml' and '/root/containers/jinja2_demo/ansible-navigator.json'
2024-05-10T19:34:00.517729+00:00 DEBUG 'ansible_navigator.main' Found 1: '/root/containers/jinja2_demo/ansible-navigator.yml'
2024-05-10T19:34:00.517738+00:00 DEBUG 'ansible_navigator.main' All found 1: '/root/containers/jinja2_demo/ansible-navigator.yml'
2024-05-10T19:34:00.517747+00:00 DEBUG 'ansible_navigator.main' Using: /root/containers/jinja2_demo/ansible-navigator.yml
2024-05-10T19:34:00.517757+00:00 DEBUG 'ansible_navigator.main' Using settings file at /root/containers/jinja2_demo/ansible-navigator.yml in search path
2024-05-10T19:34:00.517766+00:00 DEBUG 'ansible_navigator.main' Command provided: 'settings'
2024-05-10T19:34:00.517776+00:00 WARNING 'ansible_navigator.main' Configuration errors encountered, rolling back to previous configuration.
2024-05-10T19:34:00.517786+00:00 DEBUG 'ansible_navigator.main' Prior to rollback: ansible_runner_artifact_dir = 'Not set' (Constants/Not set)
2024-05-10T19:34:00.517795+00:00 DEBUG 'ansible_navigator.main' Prior to rollback: ansible_runner_rotate_artifacts_count = 'Not set' (Constants/Not set)
2024-05-10T19:34:00.517804+00:00 DEBUG 'ansible_navigator.main' Prior to rollback: ansible_runner_timeout = 'Not set' (Constants/Not set)
2024-05-10T19:34:00.517813+00:00 DEBUG 'ansible_navigator.main' Prior to rollback: ansible_runner_write_job_events = 'False' (bool/Defaults)
2024-05-10T19:34:00.517823+00:00 DEBUG 'ansible_navigator.main' Prior to rollback: app = 'settings' (str/Command line)
2024-05-10T19:34:00.517832+00:00 DEBUG 'ansible_navigator.main' Prior to rollback: cmdline = 'Not set' (Constants/Not set)
2024-05-10T19:34:00.517841+00:00 DEBUG 'ansible_navigator.main' Prior to rollback: collection_doc_cache_path = '/root/.cache/ansible-navigator/collection_doc_cache.db' (str/Defaults)
2024-05-10T19:34:00.517851+00:00 DEBUG 'ansible_navigator.main' Prior to rollback: config = 'Not set' (Constants/Not set)
2024-05-10T19:34:00.517860+00:00 DEBUG 'ansible_navigator.main' Prior to rollback: container_engine = 'auto' (str/Defaults)
2024-05-10T19:34:00.517869+00:00 DEBUG 'ansible_navigator.main' Prior to rollback: container_options = 'Not set' (Constants/Not set)
2024-05-10T19:34:00.517879+00:00 DEBUG 'ansible_navigator.main' Prior to rollback: display_color = 'True' (bool/Defaults)
2024-05-10T19:34:00.517888+00:00 DEBUG 'ansible_navigator.main' Prior to rollback: editor_command = 'vi +{line_number} {filename}' (str/Defaults)
2024-05-10T19:34:00.517897+00:00 DEBUG 'ansible_navigator.main' Prior to rollback: editor_console = 'True' (bool/Defaults)
2024-05-10T19:34:00.517907+00:00 DEBUG 'ansible_navigator.main' Prior to rollback: enable_prompts = 'False' (bool/Defaults)
2024-05-10T19:34:00.517916+00:00 DEBUG 'ansible_navigator.main' Prior to rollback: exec_command = '/bin/bash' (str/Defaults)
2024-05-10T19:34:00.517925+00:00 DEBUG 'ansible_navigator.main' Prior to rollback: exec_shell = 'True' (bool/Defaults)
2024-05-10T19:34:00.517935+00:00 DEBUG 'ansible_navigator.main' Prior to rollback: execution_environment = 'True' (bool/Defaults)
2024-05-10T19:34:00.517944+00:00 DEBUG 'ansible_navigator.main' Prior to rollback: execution_environment_image = 'ghcr.io/ansible/creator-ee:v0.22.0' (str/Defaults)
2024-05-10T19:34:00.517953+00:00 DEBUG 'ansible_navigator.main' Prior to rollback: execution_environment_volume_mounts = 'Not set' (Constants/Not set)
2024-05-10T19:34:00.517962+00:00 DEBUG 'ansible_navigator.main' Prior to rollback: format = 'yaml' (str/Defaults)
2024-05-10T19:34:00.517972+00:00 DEBUG 'ansible_navigator.main' Prior to rollback: help_builder = 'False' (bool/Defaults)
2024-05-10T19:34:00.517985+00:00 DEBUG 'ansible_navigator.main' Prior to rollback: help_config = 'False' (bool/Defaults)
2024-05-10T19:34:00.517994+00:00 DEBUG 'ansible_navigator.main' Prior to rollback: help_doc = 'False' (bool/Defaults)
2024-05-10T19:34:00.518003+00:00 DEBUG 'ansible_navigator.main' Prior to rollback: help_inventory = 'False' (bool/Defaults)
2024-05-10T19:34:00.518013+00:00 DEBUG 'ansible_navigator.main' Prior to rollback: help_playbook = 'False' (bool/Defaults)
2024-05-10T19:34:00.518022+00:00 DEBUG 'ansible_navigator.main' Prior to rollback: images_details = '['everything']' (list/Defaults)
2024-05-10T19:34:00.518042+00:00 DEBUG 'ansible_navigator.main' Prior to rollback: inventory = 'Not set' (Constants/Not set)
2024-05-10T19:34:00.518052+00:00 DEBUG 'ansible_navigator.main' Prior to rollback: inventory_column = 'Not set' (Constants/Not set)
2024-05-10T19:34:00.518061+00:00 DEBUG 'ansible_navigator.main' Prior to rollback: lint_config = 'Not set' (Constants/Not set)
2024-05-10T19:34:00.518070+00:00 DEBUG 'ansible_navigator.main' Prior to rollback: lintables = 'Not set' (Constants/Not set)
2024-05-10T19:34:00.518080+00:00 DEBUG 'ansible_navigator.main' Prior to rollback: log_append = 'True' (bool/Defaults)
2024-05-10T19:34:00.518089+00:00 DEBUG 'ansible_navigator.main' Prior to rollback: log_file = '/root/containers/jinja2_demo/ansible-navigator.log' (str/Defaults)
2024-05-10T19:34:00.518099+00:00 DEBUG 'ansible_navigator.main' Prior to rollback: log_level = 'warning' (str/Defaults)
2024-05-10T19:34:00.518108+00:00 DEBUG 'ansible_navigator.main' Prior to rollback: mode = 'interactive' (str/Defaults)
2024-05-10T19:34:00.518117+00:00 DEBUG 'ansible_navigator.main' Prior to rollback: osc4 = 'True' (bool/Defaults)
2024-05-10T19:34:00.518126+00:00 DEBUG 'ansible_navigator.main' Prior to rollback: pass_environment_variable = 'Not set' (Constants/Not set)
2024-05-10T19:34:00.518136+00:00 DEBUG 'ansible_navigator.main' Prior to rollback: playbook = 'Not set' (Constants/Not set)
2024-05-10T19:34:00.518145+00:00 DEBUG 'ansible_navigator.main' Prior to rollback: playbook_artifact_enable = 'True' (bool/Defaults)
2024-05-10T19:34:00.518155+00:00 DEBUG 'ansible_navigator.main' Prior to rollback: playbook_artifact_replay = 'Not set' (Constants/Not set)
2024-05-10T19:34:00.518164+00:00 DEBUG 'ansible_navigator.main' Prior to rollback: playbook_artifact_save_as = '{playbook_dir}/{playbook_name}-artifact-{time_stamp}.json' (str/Defaults)
2024-05-10T19:34:00.518173+00:00 DEBUG 'ansible_navigator.main' Prior to rollback: plugin_name = 'Not set' (Constants/Not set)
2024-05-10T19:34:00.518183+00:00 DEBUG 'ansible_navigator.main' Prior to rollback: plugin_type = 'module' (str/Defaults)
2024-05-10T19:34:00.518192+00:00 DEBUG 'ansible_navigator.main' Prior to rollback: pull_arguments = 'Not set' (Constants/Not set)
2024-05-10T19:34:00.518202+00:00 DEBUG 'ansible_navigator.main' Prior to rollback: pull_policy = 'tag' (str/Defaults)
2024-05-10T19:34:00.518211+00:00 DEBUG 'ansible_navigator.main' Prior to rollback: set_environment_variable = 'Not set' (Constants/Not set)
2024-05-10T19:34:00.518220+00:00 DEBUG 'ansible_navigator.main' Prior to rollback: settings_effective = 'False' (bool/Defaults)
2024-05-10T19:34:00.518229+00:00 DEBUG 'ansible_navigator.main' Prior to rollback: settings_sample = 'False' (bool/Defaults)
2024-05-10T19:34:00.518238+00:00 DEBUG 'ansible_navigator.main' Prior to rollback: settings_schema = 'json' (str/Defaults)
2024-05-10T19:34:00.518247+00:00 DEBUG 'ansible_navigator.main' Prior to rollback: settings_sources = 'False' (bool/Defaults)
2024-05-10T19:34:00.518257+00:00 DEBUG 'ansible_navigator.main' Prior to rollback: time_zone = 'UTC' (str/Defaults)
2024-05-10T19:34:00.518266+00:00 DEBUG 'ansible_navigator.main' Prior to rollback: workdir = '/root/containers/jinja2_demo' (str/Defaults)
2024-05-10T19:34:00.518275+00:00 DEBUG 'ansible_navigator.main' After rollback: ansible_runner_artifact_dir = 'Not set' (Constants/Not set)
2024-05-10T19:34:00.518285+00:00 DEBUG 'ansible_navigator.main' After rollback: ansible_runner_rotate_artifacts_count = 'Not set' (Constants/Not set)
2024-05-10T19:34:00.518295+00:00 DEBUG 'ansible_navigator.main' After rollback: ansible_runner_timeout = 'Not set' (Constants/Not set)
2024-05-10T19:34:00.518305+00:00 DEBUG 'ansible_navigator.main' After rollback: ansible_runner_write_job_events = 'Not set' (Constants/Not set)
2024-05-10T19:34:00.518314+00:00 DEBUG 'ansible_navigator.main' After rollback: app = 'Not set' (Constants/Not set)
2024-05-10T19:34:00.518323+00:00 DEBUG 'ansible_navigator.main' After rollback: cmdline = 'Not set' (Constants/Not set)
2024-05-10T19:34:00.518333+00:00 DEBUG 'ansible_navigator.main' After rollback: collection_doc_cache_path = 'Not set' (Constants/Not set)
2024-05-10T19:34:00.518342+00:00 DEBUG 'ansible_navigator.main' After rollback: config = 'Not set' (Constants/Not set)
2024-05-10T19:34:00.518351+00:00 DEBUG 'ansible_navigator.main' After rollback: container_engine = 'Not set' (Constants/Not set)
2024-05-10T19:34:00.518361+00:00 DEBUG 'ansible_navigator.main' After rollback: container_options = 'Not set' (Constants/Not set)
2024-05-10T19:34:00.518370+00:00 DEBUG 'ansible_navigator.main' After rollback: display_color = 'Not set' (Constants/Not set)
2024-05-10T19:34:00.518379+00:00 DEBUG 'ansible_navigator.main' After rollback: editor_command = 'Not set' (Constants/Not set)
2024-05-10T19:34:00.518389+00:00 DEBUG 'ansible_navigator.main' After rollback: editor_console = 'Not set' (Constants/Not set)
2024-05-10T19:34:00.518398+00:00 DEBUG 'ansible_navigator.main' After rollback: enable_prompts = 'Not set' (Constants/Not set)
2024-05-10T19:34:00.518407+00:00 DEBUG 'ansible_navigator.main' After rollback: exec_command = 'Not set' (Constants/Not set)
2024-05-10T19:34:00.518416+00:00 DEBUG 'ansible_navigator.main' After rollback: exec_shell = 'Not set' (Constants/Not set)
2024-05-10T19:34:00.518426+00:00 DEBUG 'ansible_navigator.main' After rollback: execution_environment = 'Not set' (Constants/Not set)
2024-05-10T19:34:00.518435+00:00 DEBUG 'ansible_navigator.main' After rollback: execution_environment_image = 'Not set' (Constants/Not set)
2024-05-10T19:34:00.518444+00:00 DEBUG 'ansible_navigator.main' After rollback: execution_environment_volume_mounts = 'Not set' (Constants/Not set)
2024-05-10T19:34:00.518453+00:00 DEBUG 'ansible_navigator.main' After rollback: format = 'Not set' (Constants/Not set)
2024-05-10T19:34:00.518462+00:00 DEBUG 'ansible_navigator.main' After rollback: help_builder = 'Not set' (Constants/Not set)
2024-05-10T19:34:00.518472+00:00 DEBUG 'ansible_navigator.main' After rollback: help_config = 'Not set' (Constants/Not set)
2024-05-10T19:34:00.518481+00:00 DEBUG 'ansible_navigator.main' After rollback: help_doc = 'Not set' (Constants/Not set)
2024-05-10T19:34:00.518490+00:00 DEBUG 'ansible_navigator.main' After rollback: help_inventory = 'Not set' (Constants/Not set)
2024-05-10T19:34:00.518500+00:00 DEBUG 'ansible_navigator.main' After rollback: help_playbook = 'Not set' (Constants/Not set)
2024-05-10T19:34:00.518509+00:00 DEBUG 'ansible_navigator.main' After rollback: images_details = 'Not set' (Constants/Not set)
2024-05-10T19:34:00.518518+00:00 DEBUG 'ansible_navigator.main' After rollback: inventory = 'Not set' (Constants/Not set)
2024-05-10T19:34:00.518528+00:00 DEBUG 'ansible_navigator.main' After rollback: inventory_column = 'Not set' (Constants/Not set)
2024-05-10T19:34:00.518537+00:00 DEBUG 'ansible_navigator.main' After rollback: lint_config = 'Not set' (Constants/Not set)
2024-05-10T19:34:00.518546+00:00 DEBUG 'ansible_navigator.main' After rollback: lintables = 'Not set' (Constants/Not set)
2024-05-10T19:34:00.518555+00:00 DEBUG 'ansible_navigator.main' After rollback: log_append = 'Not set' (Constants/Not set)
2024-05-10T19:34:00.518564+00:00 DEBUG 'ansible_navigator.main' After rollback: log_file = 'Not set' (Constants/Not set)
2024-05-10T19:34:00.518574+00:00 DEBUG 'ansible_navigator.main' After rollback: log_level = 'Not set' (Constants/Not set)
2024-05-10T19:34:00.518583+00:00 DEBUG 'ansible_navigator.main' After rollback: mode = 'Not set' (Constants/Not set)
2024-05-10T19:34:00.518596+00:00 DEBUG 'ansible_navigator.main' After rollback: osc4 = 'Not set' (Constants/Not set)
2024-05-10T19:34:00.518605+00:00 DEBUG 'ansible_navigator.main' After rollback: pass_environment_variable = 'Not set' (Constants/Not set)
2024-05-10T19:34:00.518615+00:00 DEBUG 'ansible_navigator.main' After rollback: playbook = 'Not set' (Constants/Not set)
2024-05-10T19:34:00.518625+00:00 DEBUG 'ansible_navigator.main' After rollback: playbook_artifact_enable = 'Not set' (Constants/Not set)
2024-05-10T19:34:00.518634+00:00 DEBUG 'ansible_navigator.main' After rollback: playbook_artifact_replay = 'Not set' (Constants/Not set)
2024-05-10T19:34:00.518643+00:00 DEBUG 'ansible_navigator.main' After rollback: playbook_artifact_save_as = 'Not set' (Constants/Not set)
2024-05-10T19:34:00.518652+00:00 DEBUG 'ansible_navigator.main' After rollback: plugin_name = 'Not set' (Constants/Not set)
2024-05-10T19:34:00.518662+00:00 DEBUG 'ansible_navigator.main' After rollback: plugin_type = 'Not set' (Constants/Not set)
2024-05-10T19:34:00.518671+00:00 DEBUG 'ansible_navigator.main' After rollback: pull_arguments = 'Not set' (Constants/Not set)
2024-05-10T19:34:00.518680+00:00 DEBUG 'ansible_navigator.main' After rollback: pull_policy = 'Not set' (Constants/Not set)
2024-05-10T19:34:00.518689+00:00 DEBUG 'ansible_navigator.main' After rollback: set_environment_variable = 'Not set' (Constants/Not set)
2024-05-10T19:34:00.518698+00:00 DEBUG 'ansible_navigator.main' After rollback: settings_effective = 'Not set' (Constants/Not set)
2024-05-10T19:34:00.518708+00:00 DEBUG 'ansible_navigator.main' After rollback: settings_sample = 'Not set' (Constants/Not set)
2024-05-10T19:34:00.518717+00:00 DEBUG 'ansible_navigator.main' After rollback: settings_schema = 'Not set' (Constants/Not set)
2024-05-10T19:34:00.518726+00:00 DEBUG 'ansible_navigator.main' After rollback: settings_sources = 'Not set' (Constants/Not set)
2024-05-10T19:34:00.518736+00:00 DEBUG 'ansible_navigator.main' After rollback: time_zone = 'Not set' (Constants/Not set)
2024-05-10T19:34:00.518745+00:00 DEBUG 'ansible_navigator.main' After rollback: workdir = 'Not set' (Constants/Not set)
2024-05-10T19:34:00.518754+00:00 DEBUG 'ansible_navigator.main' Configuration rollback complete.
2024-05-10T19:34:00.518764+00:00 DEBUG 'ansible_navigator.main' Collection doc cache not mounted
2024-05-10T19:34:00.518779+00:00 WARNING 'ansible_navigator.main' Issues were found while applying the settings.
2024-05-10T19:34:00.518790+00:00 INFO 'ansible_navigator.main' Command provided: 'settings'
2024-05-10T19:34:00.518802+00:00 ERROR 'ansible_navigator.main' Settings file found /root/containers/jinja2_demo/ansible-navigator.yml, but failed to load it.
2024-05-10T19:34:00.518813+00:00 ERROR 'ansible_navigator.main'   error was: 'while parsing a block mapping   in "/root/containers/jinja2_demo/ansible-navigator.yml", line 3, column 1 did not find expected key   in "/root/containers/jinja2_demo/ansible-navigator.yml", line 91, column 3'
2024-05-10T19:34:00.518824+00:00 INFO 'ansible_navigator.main' Try checking the settings file '/root/containers/jinja2_demo/ansible-navigator.yml'and ensure it is properly formatted
2024-05-10T19:34:00.518834+00:00 INFO 'ansible_navigator.main' Configuration failed, using default log file location. (/root/containers/jinja2_demo/ansible-navigator.log) Log level set to debug
2024-05-10T19:34:00.518844+00:00 INFO 'ansible_navigator.main' Review the hints and log file to see what went wrong.
